<?xml version="1.0" encoding="UTF-8"?>
<testng-results ignored="0" total="2" passed="2" failed="0" skipped="0">
  <reporter-output>
  </reporter-output>
  <suite started-at="2024-10-10T18:07:12 IST" name="Master Suite" finished-at="2024-10-10T18:07:26 IST" duration-ms="13860">
    <groups>
      <group name="Master">
        <method signature="TC01_AccRegTest.verify_acc_reg()[pri:0, instance:testCases.TC01_AccRegTest@9ef8eb7]" name="verify_acc_reg" class="testCases.TC01_AccRegTest"/>
        <method signature="TC02_LoginTest.verify_login()[pri:0, instance:testCases.TC02_LoginTest@4372b9b6]" name="verify_login" class="testCases.TC02_LoginTest"/>
      </group> <!-- Master -->
      <group name="regression">
        <method signature="TC01_AccRegTest.verify_acc_reg()[pri:0, instance:testCases.TC01_AccRegTest@9ef8eb7]" name="verify_acc_reg" class="testCases.TC01_AccRegTest"/>
      </group> <!-- regression -->
      <group name="sanity">
        <method signature="TC02_LoginTest.verify_login()[pri:0, instance:testCases.TC02_LoginTest@4372b9b6]" name="verify_login" class="testCases.TC02_LoginTest"/>
      </group> <!-- sanity -->
    </groups>
    <test started-at="2024-10-10T18:07:12 IST" name="Test" finished-at="2024-10-10T18:07:26 IST" duration-ms="13860">
      <class name="testCases.TC01_AccRegTest">
        <test-method is-config="true" signature="setup(java.lang.String,java.lang.String)[pri:0, instance:testCases.TC01_AccRegTest@9ef8eb7]" started-at="2024-10-10T18:07:12 IST" name="setup" finished-at="2024-10-10T18:07:17 IST" duration-ms="4373" status="PASS">
          <params>
            <param index="0">
              <value>
                <![CDATA[Windows]]>
              </value>
            </param>
            <param index="1">
              <value>
                <![CDATA[chrome]]>
              </value>
            </param>
          </params>
          <reporter-output>
          </reporter-output>
        </test-method> <!-- setup -->
        <test-method signature="verify_acc_reg()[pri:0, instance:testCases.TC01_AccRegTest@9ef8eb7]" started-at="2024-10-10T18:07:17 IST" name="verify_acc_reg" finished-at="2024-10-10T18:07:20 IST" duration-ms="3142" status="PASS">
          <reporter-output>
          </reporter-output>
        </test-method> <!-- verify_acc_reg -->
        <test-method is-config="true" signature="tearDown()[pri:0, instance:testCases.TC01_AccRegTest@9ef8eb7]" started-at="2024-10-10T18:07:20 IST" name="tearDown" finished-at="2024-10-10T18:07:20 IST" duration-ms="281" status="PASS">
          <reporter-output>
          </reporter-output>
        </test-method> <!-- tearDown -->
      </class> <!-- testCases.TC01_AccRegTest -->
      <class name="testCases.TC02_LoginTest">
        <test-method is-config="true" signature="setup(java.lang.String,java.lang.String)[pri:0, instance:testCases.TC02_LoginTest@4372b9b6]" started-at="2024-10-10T18:07:20 IST" name="setup" finished-at="2024-10-10T18:07:23 IST" duration-ms="3096" status="PASS">
          <params>
            <param index="0">
              <value>
                <![CDATA[Windows]]>
              </value>
            </param>
            <param index="1">
              <value>
                <![CDATA[chrome]]>
              </value>
            </param>
          </params>
          <reporter-output>
          </reporter-output>
        </test-method> <!-- setup -->
        <test-method signature="verify_login()[pri:0, instance:testCases.TC02_LoginTest@4372b9b6]" started-at="2024-10-10T18:07:23 IST" name="verify_login" finished-at="2024-10-10T18:07:26 IST" duration-ms="2235" status="PASS">
          <reporter-output>
          </reporter-output>
        </test-method> <!-- verify_login -->
        <test-method is-config="true" signature="tearDown()[pri:0, instance:testCases.TC02_LoginTest@4372b9b6]" started-at="2024-10-10T18:07:26 IST" name="tearDown" finished-at="2024-10-10T18:07:26 IST" duration-ms="252" status="PASS">
          <reporter-output>
          </reporter-output>
        </test-method> <!-- tearDown -->
      </class> <!-- testCases.TC02_LoginTest -->
    </test> <!-- Test -->
  </suite> <!-- Master Suite -->
</testng-results>
