<?xml version="1.0" encoding="UTF-8"?>
<testng-results ignored="0" total="2" passed="2" failed="0" skipped="0">
  <reporter-output>
  </reporter-output>
  <suite started-at="2024-10-10T10:51:28 IST" name="Master Suite" finished-at="2024-10-10T10:51:40 IST" duration-ms="12073">
    <groups>
      <group name="Master">
        <method signature="TC01_AccRegTest.verify_acc_reg()[pri:0, instance:testCases.TC01_AccRegTest@fcb4004]" name="verify_acc_reg" class="testCases.TC01_AccRegTest"/>
        <method signature="TC02_LoginTest.verify_login()[pri:0, instance:testCases.TC02_LoginTest@40dff0b7]" name="verify_login" class="testCases.TC02_LoginTest"/>
      </group> <!-- Master -->
      <group name="regression">
        <method signature="TC01_AccRegTest.verify_acc_reg()[pri:0, instance:testCases.TC01_AccRegTest@fcb4004]" name="verify_acc_reg" class="testCases.TC01_AccRegTest"/>
      </group> <!-- regression -->
      <group name="sanity">
        <method signature="TC02_LoginTest.verify_login()[pri:0, instance:testCases.TC02_LoginTest@40dff0b7]" name="verify_login" class="testCases.TC02_LoginTest"/>
      </group> <!-- sanity -->
    </groups>
    <test started-at="2024-10-10T10:51:28 IST" name="Test" finished-at="2024-10-10T10:51:40 IST" duration-ms="12073">
      <class name="testCases.TC01_AccRegTest">
        <test-method is-config="true" signature="setup(java.lang.String,java.lang.String)[pri:0, instance:testCases.TC01_AccRegTest@fcb4004]" started-at="2024-10-10T10:51:28 IST" name="setup" finished-at="2024-10-10T10:51:31 IST" duration-ms="3072" status="PASS">
          <params>
            <param index="0">
              <value>
                <![CDATA[Windows]]>
              </value>
            </param>
            <param index="1">
              <value>
                <![CDATA[chrome]]>
              </value>
            </param>
          </params>
          <reporter-output>
          </reporter-output>
        </test-method> <!-- setup -->
        <test-method signature="verify_acc_reg()[pri:0, instance:testCases.TC01_AccRegTest@fcb4004]" started-at="2024-10-10T10:51:31 IST" name="verify_acc_reg" finished-at="2024-10-10T10:51:33 IST" duration-ms="2146" status="PASS">
          <reporter-output>
          </reporter-output>
        </test-method> <!-- verify_acc_reg -->
        <test-method is-config="true" signature="tearDown()[pri:0, instance:testCases.TC01_AccRegTest@fcb4004]" started-at="2024-10-10T10:51:33 IST" name="tearDown" finished-at="2024-10-10T10:51:34 IST" duration-ms="327" status="PASS">
          <reporter-output>
          </reporter-output>
        </test-method> <!-- tearDown -->
      </class> <!-- testCases.TC01_AccRegTest -->
      <class name="testCases.TC02_LoginTest">
        <test-method is-config="true" signature="setup(java.lang.String,java.lang.String)[pri:0, instance:testCases.TC02_LoginTest@40dff0b7]" started-at="2024-10-10T10:51:34 IST" name="setup" finished-at="2024-10-10T10:51:37 IST" duration-ms="3815" status="PASS">
          <params>
            <param index="0">
              <value>
                <![CDATA[Windows]]>
              </value>
            </param>
            <param index="1">
              <value>
                <![CDATA[chrome]]>
              </value>
            </param>
          </params>
          <reporter-output>
          </reporter-output>
        </test-method> <!-- setup -->
        <test-method signature="verify_login()[pri:0, instance:testCases.TC02_LoginTest@40dff0b7]" started-at="2024-10-10T10:51:37 IST" name="verify_login" finished-at="2024-10-10T10:51:40 IST" duration-ms="2069" status="PASS">
          <reporter-output>
          </reporter-output>
        </test-method> <!-- verify_login -->
        <test-method is-config="true" signature="tearDown()[pri:0, instance:testCases.TC02_LoginTest@40dff0b7]" started-at="2024-10-10T10:51:40 IST" name="tearDown" finished-at="2024-10-10T10:51:40 IST" duration-ms="249" status="PASS">
          <reporter-output>
          </reporter-output>
        </test-method> <!-- tearDown -->
      </class> <!-- testCases.TC02_LoginTest -->
    </test> <!-- Test -->
  </suite> <!-- Master Suite -->
</testng-results>
